[2023-07-03 16:03:29.351537] DEBUG - request ID plaintext：1131688371409.3514974潘畑岑是SB
[2023-07-03 16:03:29.360600] INFO - ---------------------------
[2023-07-03 16:03:29.366157] INFO - 请求IP：127.0.0.1
[2023-07-03 16:03:29.367618] INFO - 请求方法：GET
[2023-07-03 16:03:29.368840] INFO - 请求路径：/sr/all
[2023-07-03 16:03:29.372491] INFO - 请求ID：f98db41bce4af32b5fbe2a3cc6c26c4dc82fae07
[2023-07-03 16:03:29.376750] INFO - Cache no
[2023-07-03 16:03:32.765959] DEBUG - ELi Status Code:200
[2023-07-03 16:04:36.003069] DEBUG - request ID plaintext：1131688371476.002989潘畑岑是SB
[2023-07-03 16:05:00.180781] DEBUG - request ID plaintext：1131688371500.1807091潘畑岑是SB
[2023-07-03 16:07:27.240405] DEBUG - request ID plaintext：1131688371647.2403398潘畑岑是SB
[2023-07-03 16:07:27.244345] INFO - ---------------------------
[2023-07-03 16:07:27.249313] INFO - 请求IP：127.0.0.1
[2023-07-03 16:07:27.252386] INFO - 请求方法：GET
[2023-07-03 16:07:27.254716] INFO - 请求路径：/sr/all
[2023-07-03 16:07:42.892377] DEBUG - request ID plaintext：1131688371662.8923047潘畑岑是SB
[2023-07-03 16:07:42.900079] INFO - ---------------------------
[2023-07-03 16:07:42.903021] INFO - 请求IP：127.0.0.1
[2023-07-03 16:07:42.910061] INFO - 请求方法：GET
[2023-07-03 16:07:42.913260] INFO - 请求路径：/sr/all
[2023-07-03 16:07:42.919280] INFO - 请求ID：7a0f628f558553011a84ae30721a3cb164440f89
[2023-07-03 16:07:42.933078] INFO - Cache yes
[2023-07-03 16:08:02.250804] DEBUG - request ID plaintext：1131688371682.2507179潘畑岑是SB
[2023-07-03 16:08:02.260532] INFO - ---------------------------
[2023-07-03 16:08:02.266342] INFO - 请求IP：127.0.0.1
[2023-07-03 16:08:02.267583] INFO - 请求方法：GET
[2023-07-03 16:08:02.268373] INFO - 请求路径：/sr/all
[2023-07-03 16:08:02.269151] INFO - 请求ID：11f1bdde3dc30c4a18b787452698ddd82bba93d3
[2023-07-03 16:08:02.292307] INFO - Cache yes
[2023-07-03 16:19:11.968004] DEBUG - request ID plaintext：1131688372351.9679635潘畑岑是SB
[2023-07-03 16:19:11.973108] INFO - ---------------------------
[2023-07-03 16:19:11.979699] INFO - 请求IP：127.0.0.1
[2023-07-03 16:19:11.982327] INFO - 请求方法：GET
[2023-07-03 16:19:11.982661] INFO - 请求路径：/dev/conf
[2023-07-03 16:19:11.982891] INFO - 请求ID：6d56749a5efce0543a48747a002224f444d3c786
[2023-07-03 16:27:03.738925] DEBUG - request ID plaintext：1131688372823.738889潘畑岑是SB
[2023-07-03 16:27:03.743501] INFO - ---------------------------
[2023-07-03 16:27:03.746513] INFO - 请求IP：127.0.0.1
[2023-07-03 16:27:03.750888] INFO - 请求方法：GET
[2023-07-03 16:27:03.754291] INFO - 请求路径：/dev/conf
[2023-07-03 16:27:03.761935] INFO - 请求ID：1e312df635bf959fbcd75bb7645093a4f4e44940
[2023-07-03 16:27:04.854739] DEBUG - request ID plaintext：1141688372824.8546848潘畑岑是SB
[2023-07-03 16:27:04.856989] INFO - ---------------------------
[2023-07-03 16:27:04.857859] INFO - 请求IP：127.0.0.1
[2023-07-03 16:27:04.858613] INFO - 请求方法：GET
[2023-07-03 16:27:04.859394] INFO - 请求路径：/dev/conf
[2023-07-03 16:27:04.861164] INFO - 请求ID：c7bef64ec9a52e6f2bb90c62e37d51e1d851f00a
[2023-07-03 16:28:35.658724] DEBUG - request ID plaintext：1131688372915.6586397潘畑岑是SB
[2023-07-03 16:28:35.664595] INFO - ---------------------------
[2023-07-03 16:28:35.673149] INFO - 请求IP：127.0.0.1
[2023-07-03 16:28:35.678890] INFO - 请求方法：GET
[2023-07-03 16:28:35.683872] INFO - 请求路径：/dev/conf
[2023-07-03 16:28:35.690019] INFO - 请求ID：4c160acd3925cc03e1903eebff90ce54a5124c58
[2023-07-03 16:29:00.159906] DEBUG - request ID plaintext：1131688372940.1598227潘畑岑是SB
[2023-07-03 16:29:00.167706] INFO - ---------------------------
[2023-07-03 16:29:00.174231] INFO - 请求IP：127.0.0.1
[2023-07-03 16:29:00.176792] INFO - 请求方法：GET
[2023-07-03 16:29:00.179521] INFO - 请求路径：/dev/conf
[2023-07-03 16:29:00.187232] INFO - 请求ID：9dbdc0a057a58d0730d80ea007e85de547647610
[2023-07-03 16:29:25.075995] DEBUG - request ID plaintext：1131688372965.0759463潘畑岑是SB
[2023-07-03 16:29:25.080993] INFO - ---------------------------
[2023-07-03 16:29:25.083940] INFO - 请求IP：127.0.0.1
[2023-07-03 16:29:25.086095] INFO - 请求方法：GET
[2023-07-03 16:29:25.090255] INFO - 请求路径：/dev/conf
[2023-07-03 16:29:25.092967] INFO - 请求ID：ddf603851e246a4fe44a31ea99d56906233218ba
[2023-07-03 16:29:57.843588] DEBUG - request ID plaintext：1131688372997.843494潘畑岑是SB
[2023-07-03 16:29:57.845872] INFO - ---------------------------
[2023-07-03 16:29:57.846556] INFO - 请求IP：127.0.0.1
[2023-07-03 16:29:57.849451] INFO - 请求方法：GET
[2023-07-03 16:29:57.859915] INFO - 请求路径：/dev/conf
[2023-07-03 16:29:57.862289] INFO - 请求ID：dc3c48eb91c93e1695cdf0141196f5ea4d262ce5
[2023-07-03 16:30:26.472770] DEBUG - request ID plaintext：1131688373026.4726863潘畑岑是SB
[2023-07-03 16:30:26.481343] INFO - ---------------------------
[2023-07-03 16:30:26.492488] INFO - 请求IP：127.0.0.1
[2023-07-03 16:30:26.495843] INFO - 请求方法：GET
[2023-07-03 16:30:26.499687] INFO - 请求路径：/dev/conf
[2023-07-03 16:30:26.502205] INFO - 请求ID：8e4549d7484fd752e46c61bd1bbc9aaa212a5e57
[2023-07-03 16:31:10.065030] DEBUG - request ID plaintext：1131688373070.064939潘畑岑是SB
[2023-07-03 16:31:10.075106] INFO - ---------------------------
[2023-07-03 16:31:10.080994] INFO - 请求IP：127.0.0.1
[2023-07-03 16:31:10.082935] INFO - 请求方法：GET
[2023-07-03 16:31:10.088120] INFO - 请求路径：/dev/conf
[2023-07-03 16:31:10.093721] INFO - 请求ID：a0a00aa0efc0db27a6fadb49cf5c1db9892ca966
[2023-07-03 16:31:49.546175] DEBUG - request ID plaintext：1131688373109.546095潘畑岑是SB
[2023-07-03 16:31:49.553179] INFO - ---------------------------
[2023-07-03 16:31:49.561577] INFO - 请求IP：127.0.0.1
[2023-07-03 16:31:49.565382] INFO - 请求方法：GET
[2023-07-03 16:31:49.568977] INFO - 请求路径：/dev/conf
[2023-07-03 16:31:49.579216] INFO - 请求ID：ee0acac321d68e7e94d1ffb518567f030eb4b600
[2023-07-03 16:32:10.138020] DEBUG - request ID plaintext：1131688373130.1379244潘畑岑是SB
[2023-07-03 16:32:10.144601] INFO - ---------------------------
[2023-07-03 16:32:10.148061] INFO - 请求IP：127.0.0.1
[2023-07-03 16:32:10.151560] INFO - 请求方法：GET
[2023-07-03 16:32:10.156554] INFO - 请求路径：/dev/conf
[2023-07-03 16:32:10.160323] INFO - 请求ID：8b04e5b5f2ff0d49dbb7677eefa9669c4aaee46f
[2023-07-03 16:33:27.367763] DEBUG - request ID plaintext：1131688373207.36773潘畑岑是SB
[2023-07-03 16:33:27.373098] INFO - ---------------------------
[2023-07-03 16:33:27.373486] INFO - 请求IP：127.0.0.1
[2023-07-03 16:33:27.374044] INFO - 请求方法：GET
[2023-07-03 16:33:27.374329] INFO - 请求路径：/dev/conf
[2023-07-03 16:33:27.374519] INFO - 请求ID：e69ecfa62309ced09723c880f0d5b01edb5b41f2
[2023-07-03 16:33:27.419466] DEBUG - request ID plaintext：1141688373207.419445潘畑岑是SB
[2023-07-03 16:33:27.420492] INFO - ---------------------------
[2023-07-03 16:33:27.423399] INFO - 请求IP：127.0.0.1
[2023-07-03 16:33:27.428044] INFO - 请求方法：GET
[2023-07-03 16:33:27.428526] INFO - 请求路径：/favicon.ico
[2023-07-03 16:33:27.428847] INFO - 请求ID：9de5a59afb56b133bafe95f6e2e9c8d20ae577d0
[2023-07-03 16:37:08.541889] DEBUG - request ID plaintext：1131688373428.5418057潘畑岑是SB
[2023-07-03 16:37:08.554145] INFO - ---------------------------
[2023-07-03 16:37:08.557106] INFO - 请求IP：127.0.0.1
[2023-07-03 16:37:08.562764] INFO - 请求方法：GET
[2023-07-03 16:37:08.569910] INFO - 请求路径：/dev/conf
[2023-07-03 16:37:08.574534] INFO - 请求ID：c1406ab33fb22d02f392f84f92f443aabc3aab9b
[2023-07-03 16:37:29.033681] DEBUG - request ID plaintext：1131688373449.0336282潘畑岑是SB
[2023-07-03 16:37:29.035611] INFO - ---------------------------
[2023-07-03 16:37:29.036645] INFO - 请求IP：127.0.0.1
[2023-07-03 16:37:29.040956] INFO - 请求方法：GET
[2023-07-03 16:37:29.045349] INFO - 请求路径：/dev/conf
[2023-07-03 16:37:29.049469] INFO - 请求ID：b6bf95d2807d1c57e2c28427abf76125690a10e9
[2023-07-03 16:39:36.180244] DEBUG - request ID plaintext：1131688373576.1801593潘畑岑是SB
[2023-07-03 16:39:36.185188] INFO - ---------------------------
[2023-07-03 16:39:36.188815] INFO - 请求IP：127.0.0.1
[2023-07-03 16:39:36.191143] INFO - 请求方法：GET
[2023-07-03 16:39:36.193916] INFO - 请求路径：/dev/conf
[2023-07-03 16:39:36.196594] INFO - 请求ID：75208e3eaa257cb794c0b2578826896a054ee1d4
[2023-07-03 16:40:01.716271] DEBUG - request ID plaintext：1131688373601.7162378潘畑岑是SB
[2023-07-03 16:40:01.718336] INFO - ---------------------------
[2023-07-03 16:40:01.719467] INFO - 请求IP：127.0.0.1
[2023-07-03 16:40:01.724544] INFO - 请求方法：GET
[2023-07-03 16:40:01.726702] INFO - 请求路径：/dev/conf
[2023-07-03 16:40:01.730302] INFO - 请求ID：376e29180d99c53ed5ebc8fb079d18aa7d0f40d0
[2023-07-03 16:40:03.122011] DEBUG - request ID plaintext：1141688373603.1219833潘畑岑是SB
[2023-07-03 16:40:03.122545] INFO - ---------------------------
[2023-07-03 16:40:03.122823] INFO - 请求IP：127.0.0.1
[2023-07-03 16:40:03.123045] INFO - 请求方法：GET
[2023-07-03 16:40:03.123256] INFO - 请求路径：/dev/conf
[2023-07-03 16:40:03.123537] INFO - 请求ID：a1cbbfcba23c48c4d3f2fc29b56626fb760acbc1
[2023-07-03 16:40:03.781122] DEBUG - request ID plaintext：1151688373603.7810757潘畑岑是SB
[2023-07-03 16:40:03.785710] INFO - ---------------------------
[2023-07-03 16:40:03.789243] INFO - 请求IP：127.0.0.1
[2023-07-03 16:40:03.794252] INFO - 请求方法：GET
[2023-07-03 16:40:03.796415] INFO - 请求路径：/dev/conf
[2023-07-03 16:40:03.803148] INFO - 请求ID：df36e1c01097ea36e652c76a703cf3b469cbfc93
[2023-07-03 16:40:04.471137] DEBUG - request ID plaintext：1161688373604.471109潘畑岑是SB
[2023-07-03 16:40:04.474069] INFO - ---------------------------
[2023-07-03 16:40:04.476660] INFO - 请求IP：127.0.0.1
[2023-07-03 16:40:04.478331] INFO - 请求方法：GET
[2023-07-03 16:40:04.479236] INFO - 请求路径：/dev/conf
[2023-07-03 16:40:04.481408] INFO - 请求ID：e2b502b5c8c5fe4d2eec8d65117008be0a744944
[2023-07-03 16:40:05.095817] DEBUG - request ID plaintext：1171688373605.0957663潘畑岑是SB
[2023-07-03 16:40:05.098015] INFO - ---------------------------
[2023-07-03 16:40:05.099132] INFO - 请求IP：127.0.0.1
[2023-07-03 16:40:05.102286] INFO - 请求方法：GET
[2023-07-03 16:40:05.103361] INFO - 请求路径：/dev/conf
[2023-07-03 16:40:05.114099] INFO - 请求ID：7be1b511addc39ca9be101ab255a04338b7a4c87
[2023-07-03 16:40:05.622680] DEBUG - request ID plaintext：1181688373605.6226172潘畑岑是SB
[2023-07-03 16:40:05.627663] INFO - ---------------------------
[2023-07-03 16:40:05.630748] INFO - 请求IP：127.0.0.1
[2023-07-03 16:40:05.635979] INFO - 请求方法：GET
[2023-07-03 16:40:05.636436] INFO - 请求路径：/dev/conf
[2023-07-03 16:40:05.636880] INFO - 请求ID：5ed8878cf6f7954fd8b0be785dbb011d897d85f6
[2023-07-03 16:40:06.221932] DEBUG - request ID plaintext：1191688373606.2218683潘畑岑是SB
[2023-07-03 16:40:06.228570] INFO - ---------------------------
[2023-07-03 16:40:06.232177] INFO - 请求IP：127.0.0.1
[2023-07-03 16:40:06.237901] INFO - 请求方法：GET
[2023-07-03 16:40:06.247118] INFO - 请求路径：/dev/conf
[2023-07-03 16:40:06.250201] INFO - 请求ID：7c3983418cb681186fbf8d2792c8728ff497db8f
[2023-07-03 16:40:07.783185] DEBUG - request ID plaintext：1201688373607.7830734潘畑岑是SB
[2023-07-03 16:40:07.788077] INFO - ---------------------------
[2023-07-03 16:40:07.794718] INFO - 请求IP：127.0.0.1
[2023-07-03 16:40:07.803238] INFO - 请求方法：GET
[2023-07-03 16:40:07.806169] INFO - 请求路径：/dev/conf
[2023-07-03 16:40:07.815370] INFO - 请求ID：f0c50d77e9577557e5bd80e9eec729ca59823378
[2023-07-03 16:40:08.597570] DEBUG - request ID plaintext：1211688373608.5975237潘畑岑是SB
[2023-07-03 16:40:08.601800] INFO - ---------------------------
[2023-07-03 16:40:08.603074] INFO - 请求IP：127.0.0.1
[2023-07-03 16:40:08.609303] INFO - 请求方法：GET
[2023-07-03 16:40:08.612517] INFO - 请求路径：/dev/conf
[2023-07-03 16:40:08.615557] INFO - 请求ID：2183ad2ac4d05a4d6bf37e51feb6dcc26abaefe3
[2023-07-03 16:40:12.240544] DEBUG - request ID plaintext：1221688373612.240497潘畑岑是SB
[2023-07-03 16:40:12.254240] INFO - ---------------------------
[2023-07-03 16:40:12.261456] INFO - 请求IP：127.0.0.1
[2023-07-03 16:40:12.263599] INFO - 请求方法：GET
[2023-07-03 16:40:12.264395] INFO - 请求路径：/dev/conf.json
[2023-07-03 16:40:12.265173] INFO - 请求ID：f2015d3df3e2d2794b55949d864b54a287c97a44
[2023-07-03 16:40:12.353189] DEBUG - request ID plaintext：1231688373612.3531666潘畑岑是SB
[2023-07-03 16:40:12.361325] INFO - ---------------------------
[2023-07-03 16:40:12.374920] INFO - 请求IP：127.0.0.1
[2023-07-03 16:40:12.375613] INFO - 请求方法：GET
[2023-07-03 16:40:12.376088] INFO - 请求路径：/favicon.ico
[2023-07-03 16:40:12.376552] INFO - 请求ID：69e44882144e7652a662e8e6368467bf6ad6d3bc
