[2023-07-06 17:55:56.618304] DEBUG - request ID plaintext：1131688637356.6181169潘畑岑是个大sb！
[2023-07-06 17:55:56.627772] INFO - ---------------------------
[2023-07-06 17:55:56.628880] INFO - 请求IP：Mozilla/5.0 (Windows NT 10.0; Win64; x64) AppleWebKit/537.36 (KHTML, like Gecko) Chrome/114.0.5735.199 Safari/537.36 Edge/114.0.1823.58
[2023-07-06 17:55:56.629313] INFO - 请求方法：GET
[2023-07-06 17:55:56.629561] INFO - 请求路径：/tool/yy/ys
[2023-07-06 17:55:56.707029] DEBUG - request ID plaintext：1141688637356.7070014潘畑岑是个大sb！
[2023-07-06 17:55:56.707473] INFO - ---------------------------
[2023-07-06 17:55:56.707706] INFO - 请求IP：Mozilla/5.0 (Windows NT 10.0; Win64; x64) AppleWebKit/537.36 (KHTML, like Gecko) Chrome/114.0.5735.199 Safari/537.36 Edge/114.0.1823.58
[2023-07-06 17:55:56.707930] INFO - 请求方法：GET
[2023-07-06 17:55:56.708335] INFO - 请求路径：/favicon.ico
[2023-07-06 17:56:44.634506] DEBUG - request ID plaintext：1131688637404.6341834潘畑岑是个大sb！
[2023-07-06 17:56:44.636737] INFO - ---------------------------
[2023-07-06 17:56:44.637681] INFO - 请求IP：Mozilla/5.0 (Windows NT 10.0; Win64; x64) AppleWebKit/537.36 (KHTML, like Gecko) Chrome/114.0.5735.199 Safari/537.36 Edge/114.0.1823.58
[2023-07-06 17:56:44.638537] INFO - 请求方法：GET
[2023-07-06 17:56:44.639517] INFO - 请求路径：/tool/yy/ys
[2023-07-06 17:56:44.640218] INFO - 请求ID：712277e610b500b4b78b23fe83df926a861b79e0
[2023-07-06 17:56:44.649167] DEBUG - 77
[2023-07-06 17:56:44.650143] DEBUG - 33
[2023-07-06 17:56:44.653602] DEBUG - {'data': '用自己的双脚丈量土地，将未知变为知识。', 'author': '阿贝多'}
[2023-07-06 17:56:44.758402] DEBUG - request ID plaintext：1141688637404.7583315潘畑岑是个大sb！
[2023-07-06 17:56:44.759404] INFO - ---------------------------
[2023-07-06 17:56:44.760134] INFO - 请求IP：Mozilla/5.0 (Windows NT 10.0; Win64; x64) AppleWebKit/537.36 (KHTML, like Gecko) Chrome/114.0.5735.199 Safari/537.36 Edge/114.0.1823.58
[2023-07-06 17:56:44.760997] INFO - 请求方法：GET
[2023-07-06 17:56:44.761763] INFO - 请求路径：/favicon.ico
[2023-07-06 17:56:44.762729] INFO - 请求ID：efb6387201d9b120e10f24561d4706d5138da781
