[2023-07-01 11:40:04.674784] INFO - ---------------------------
[2023-07-01 11:40:04.675653] INFO - 请求IP：127.0.0.1
[2023-07-01 11:40:04.675972] INFO - 请求方法：GET
[2023-07-01 11:40:04.676166] INFO - 请求路径：/ys/all
[2023-07-01 11:40:04.676485] DEBUG - request ID plaintext：1131688182804.6764193潘畑岑是SB
[2023-07-01 11:40:04.676832] INFO - 请求ID：20a59bfc321b249a966558f925d44289ea23e1a8
[2023-07-01 11:40:04.677822] INFO - Cache no
[2023-07-01 11:40:15.515779] INFO - ---------------------------
[2023-07-01 11:40:15.516941] INFO - 请求IP：127.0.0.1
[2023-07-01 11:40:15.517679] INFO - 请求方法：GET
[2023-07-01 11:40:15.518233] INFO - 请求路径：/sr/all
[2023-07-01 11:40:15.518824] DEBUG - request ID plaintext：1141688182815.518802潘畑岑是SB
[2023-07-01 11:40:15.519264] INFO - 请求ID：2c280e5a4e6a728aef8728c1138f9d460c3470a1
[2023-07-01 11:40:15.520332] INFO - Cache no
[2023-07-01 11:40:16.368475] DEBUG - ELi Status Code:200
[2023-07-01 11:40:59.589971] INFO - ---------------------------
[2023-07-01 11:40:59.590415] INFO - 请求IP：127.0.0.1
[2023-07-01 11:40:59.590636] INFO - 请求方法：GET
[2023-07-01 11:40:59.590896] INFO - 请求路径：/sr/all
[2023-07-01 11:40:59.591183] DEBUG - request ID plaintext：1131688182859.5911505潘畑岑是SB
[2023-07-01 11:40:59.591441] INFO - 请求ID：8933a06213c67384fee6a00dd7b60d85a5b6d485
[2023-07-01 11:40:59.594228] INFO - Cache yes
[2023-07-01 11:40:59.677205] INFO - ---------------------------
[2023-07-01 11:40:59.677618] INFO - 请求IP：127.0.0.1
[2023-07-01 11:40:59.677882] INFO - 请求方法：GET
[2023-07-01 11:40:59.678148] INFO - 请求路径：/favicon.ico
[2023-07-01 11:40:59.678424] DEBUG - request ID plaintext：1141688182859.678393潘畑岑是SB
[2023-07-01 11:40:59.678764] INFO - 请求ID：e12918ddee81b7d574a34279d2ef5984dda9a3f3
[2023-07-01 11:41:01.046665] INFO - ---------------------------
[2023-07-01 11:41:01.047755] INFO - 请求IP：127.0.0.1
[2023-07-01 11:41:01.049494] INFO - 请求方法：GET
[2023-07-01 11:41:01.051494] INFO - 请求路径：/sr/all
[2023-07-01 11:41:01.052574] DEBUG - request ID plaintext：1151688182861.0525103潘畑岑是SB
[2023-07-01 11:41:01.053450] INFO - 请求ID：cf5f749eee4d9ca86b78bccf386dc320d025d7f8
[2023-07-01 11:41:01.062607] INFO - Cache yes
[2023-07-01 11:41:01.894189] INFO - ---------------------------
[2023-07-01 11:41:01.896932] INFO - 请求IP：127.0.0.1
[2023-07-01 11:41:01.899712] INFO - 请求方法：GET
[2023-07-01 11:41:01.900032] INFO - 请求路径：/sr/all
[2023-07-01 11:41:01.900249] DEBUG - request ID plaintext：1161688182861.900226潘畑岑是SB
[2023-07-01 11:41:01.900458] INFO - 请求ID：1b5b40c22bb03baf1ae3dd800b8c1a7895a97745
[2023-07-01 11:41:01.904444] INFO - Cache yes
[2023-07-01 11:41:02.422464] INFO - ---------------------------
[2023-07-01 11:41:02.423286] INFO - 请求IP：127.0.0.1
[2023-07-01 11:41:02.423842] INFO - 请求方法：GET
[2023-07-01 11:41:02.424113] INFO - 请求路径：/sr/all
[2023-07-01 11:41:02.424518] DEBUG - request ID plaintext：1171688182862.4244902潘畑岑是SB
[2023-07-01 11:41:02.424778] INFO - 请求ID：b3dcc474b3c078cba4a086d866b7ed3905a1c8b2
[2023-07-01 11:41:02.427487] INFO - Cache yes
[2023-07-01 11:41:03.237233] INFO - ---------------------------
[2023-07-01 11:41:03.237947] INFO - 请求IP：127.0.0.1
[2023-07-01 11:41:03.238757] INFO - 请求方法：GET
[2023-07-01 11:41:03.239702] INFO - 请求路径：/sr/all
[2023-07-01 11:41:03.240457] DEBUG - request ID plaintext：1181688182863.240403潘畑岑是SB
[2023-07-01 11:41:03.241255] INFO - 请求ID：5cdf272f7d6c0a205a7b6f59dea3d31a09e2d63c
[2023-07-01 11:41:03.250314] INFO - Cache yes
